<?xml version="1.0" encoding="UTF-8"?>
<!-- Generated by org.testng.reporters.JUnitXMLReporter -->
<testsuite ignored="0" hostname="Viveks-MacBook-Air.local" failures="0" tests="4" name="Test3.1" time="0.09" errors="0" timestamp="04 Sep 2019 21:41:23 GMT">
  <testcase classname="Demo.TestNGGroupsDemo" name="test1" time="0.01"/>
  <testcase classname="Demo.TestNGGroupsDemo" name="test2" time="0.003"/>
  <testcase classname="Demo.TestNGGroupsDemo" name="test3" time="0.004"/>
  <testcase classname="Demo.TestNGGroupsDemo" name="test4" time="0.002"/>
</testsuite> <!-- Test3.1 -->
