<?xml version="1.0" encoding="UTF-8"?>
<testng-results ignored="0" total="1" passed="1" failed="0" skipped="0">
  <reporter-output>
  </reporter-output>
  <suite started-at="2019-09-06T07:45:41Z" name="Default suite" finished-at="2019-09-06T07:45:48Z" duration-ms="6196">
    <groups>
    </groups>
    <test started-at="2019-09-06T07:45:41Z" name="Default test" finished-at="2019-09-06T07:45:48Z" duration-ms="6196">
      <class name="Demo.Test1">
        <test-method is-config="true" signature="setUp()[pri:0, instance:Demo.Test1@7bab3f1a]" started-at="2019-09-06T07:45:41Z" name="setUp" finished-at="2019-09-06T07:45:44Z" duration-ms="2728" status="PASS">
          <reporter-output>
          </reporter-output>
        </test-method> <!-- setUp -->
        <test-method signature="test1()[pri:0, instance:Demo.Test1@7bab3f1a]" started-at="2019-09-06T07:45:44Z" name="test1" finished-at="2019-09-06T07:45:47Z" duration-ms="3266" status="PASS">
          <reporter-output>
          </reporter-output>
        </test-method> <!-- test1 -->
        <test-method is-config="true" signature="tearDown()[pri:0, instance:Demo.Test1@7bab3f1a]" started-at="2019-09-06T07:45:47Z" name="tearDown" finished-at="2019-09-06T07:45:48Z" duration-ms="184" status="PASS">
          <reporter-output>
          </reporter-output>
        </test-method> <!-- tearDown -->
      </class> <!-- Demo.Test1 -->
    </test> <!-- Default test -->
  </suite> <!-- Default suite -->
</testng-results>
