<?xml version="1.0" encoding="UTF-8"?>
<!-- Generated by org.testng.reporters.JUnitXMLReporter -->
<testsuite ignored="3" hostname="Viveks-MacBook-Air.local" failures="0" tests="1" name="Test3" time="0.101" errors="0" timestamp="05 Sep 2019 08:00:58 GMT">
  <testcase classname="Demo.TestNGGroupsDemo" name="test1" time="0.038"/>
  <testcase classname="Demo.TestNGGroupsDemo" name="test4" time="0.0">
    <ignored/>
  </testcase> <!-- test4 -->
  <testcase classname="Demo.TestNGGroupsDemo" name="test2" time="0.0">
    <ignored/>
  </testcase> <!-- test2 -->
  <testcase classname="Demo.TestNGGroupsDemo" name="test3" time="0.0">
    <ignored/>
  </testcase> <!-- test3 -->
</testsuite> <!-- Test3 -->
